<?xml version="1.0" encoding="UTF-8"?>
<coverage generated="1770657082172" clover="3.2.0">
  <project timestamp="1770657082173" name="All files">
    <metrics statements="192" coveredstatements="165" conditionals="92" coveredconditionals="67" methods="39" coveredmethods="35" elements="323" coveredelements="267" complexity="0" loc="192" ncloc="192" packages="1" files="3" classes="3"/>
    <file name="Game.js" path="/Users/elisa/Documents/42PTC/red-tetris/back/Game.js">
      <metrics statements="64" coveredstatements="50" conditionals="26" coveredconditionals="15" methods="15" coveredmethods="13"/>
      <line num="4" count="9" type="stmt"/>
      <line num="7" count="9" type="stmt"/>
      <line num="8" count="9" type="stmt"/>
      <line num="9" count="9" type="stmt"/>
      <line num="10" count="9" type="stmt"/>
      <line num="11" count="9" type="stmt"/>
      <line num="12" count="9" type="stmt"/>
      <line num="13" count="9" type="stmt"/>
      <line num="14" count="9" type="stmt"/>
      <line num="15" count="9" type="stmt"/>
      <line num="19" count="2" type="stmt"/>
      <line num="20" count="2" type="cond" truecount="1" falsecount="1"/>
      <line num="21" count="0" type="stmt"/>
      <line num="23" count="2" type="stmt"/>
      <line num="24" count="6" type="stmt"/>
      <line num="25" count="6" type="stmt"/>
      <line num="30" count="1" type="cond" truecount="1" falsecount="1"/>
      <line num="31" count="1" type="stmt"/>
      <line num="32" count="2" type="cond" truecount="3" falsecount="1"/>
      <line num="33" count="2" type="cond" truecount="1" falsecount="1"/>
      <line num="34" count="2" type="cond" truecount="2" falsecount="0"/>
      <line num="35" count="1" type="stmt"/>
      <line num="36" count="2" type="cond" truecount="2" falsecount="0"/>
      <line num="37" count="1" type="stmt"/>
      <line num="38" count="1" type="stmt"/>
      <line num="42" count="1" type="stmt"/>
      <line num="46" count="1" type="cond" truecount="1" falsecount="1"/>
      <line num="47" count="0" type="cond" truecount="0" falsecount="2"/>
      <line num="48" count="0" type="stmt"/>
      <line num="51" count="2" type="stmt"/>
      <line num="52" count="1" type="cond" truecount="1" falsecount="1"/>
      <line num="53" count="0" type="stmt"/>
      <line num="60" count="3" type="stmt"/>
      <line num="61" count="3" type="stmt"/>
      <line num="63" count="1" type="stmt"/>
      <line num="71" count="3" type="stmt"/>
      <line num="83" count="2" type="stmt"/>
      <line num="84" count="2" type="stmt"/>
      <line num="85" count="0" type="cond" truecount="0" falsecount="2"/>
      <line num="86" count="0" type="stmt"/>
      <line num="92" count="4" type="cond" truecount="2" falsecount="0"/>
      <line num="93" count="1" type="stmt"/>
      <line num="95" count="3" type="stmt"/>
      <line num="99" count="2" type="stmt"/>
      <line num="100" count="2" type="stmt"/>
      <line num="101" count="2" type="stmt"/>
      <line num="102" count="2" type="stmt"/>
      <line num="103" count="0" type="stmt"/>
      <line num="104" count="0" type="stmt"/>
      <line num="109" count="1" type="stmt"/>
      <line num="110" count="1" type="stmt"/>
      <line num="111" count="1" type="stmt"/>
      <line num="115" count="1" type="stmt"/>
      <line num="116" count="1" type="stmt"/>
      <line num="117" count="1" type="stmt"/>
      <line num="118" count="1" type="stmt"/>
      <line num="119" count="1" type="stmt"/>
      <line num="120" count="0" type="stmt"/>
      <line num="121" count="0" type="stmt"/>
      <line num="123" count="0" type="stmt"/>
      <line num="124" count="0" type="stmt"/>
      <line num="125" count="0" type="stmt"/>
      <line num="126" count="0" type="stmt"/>
      <line num="128" count="1" type="stmt"/>
    </file>
    <file name="Piece.js" path="/Users/elisa/Documents/42PTC/red-tetris/back/Piece.js">
      <metrics statements="12" coveredstatements="12" conditionals="0" coveredconditionals="0" methods="3" coveredmethods="3"/>
      <line num="2" count="3" type="stmt"/>
      <line num="41" count="193" type="stmt"/>
      <line num="42" count="193" type="stmt"/>
      <line num="43" count="193" type="stmt"/>
      <line num="44" count="193" type="stmt"/>
      <line num="47" count="193" type="stmt"/>
      <line num="48" count="35" type="stmt"/>
      <line num="49" count="107" type="stmt"/>
      <line num="51" count="35" type="stmt"/>
      <line num="52" count="107" type="stmt"/>
      <line num="53" count="339" type="stmt"/>
      <line num="56" count="35" type="stmt"/>
    </file>
    <file name="Player.js" path="/Users/elisa/Documents/42PTC/red-tetris/back/Player.js">
      <metrics statements="116" coveredstatements="103" conditionals="66" coveredconditionals="52" methods="21" coveredmethods="19"/>
      <line num="4" count="2" type="stmt"/>
      <line num="7" count="15" type="stmt"/>
      <line num="8" count="15" type="stmt"/>
      <line num="9" count="15" type="stmt"/>
      <line num="12" count="15" type="stmt"/>
      <line num="14" count="15" type="stmt"/>
      <line num="37" count="15" type="stmt"/>
      <line num="60" count="15" type="stmt"/>
      <line num="63" count="15" type="stmt"/>
      <line num="64" count="15" type="stmt"/>
      <line num="65" count="15" type="cond" truecount="2" falsecount="0"/>
      <line num="66" count="15" type="stmt"/>
      <line num="67" count="15" type="stmt"/>
      <line num="72" count="22" type="stmt"/>
      <line num="73" count="22" type="stmt"/>
      <line num="74" count="154" type="stmt"/>
      <line num="76" count="22" type="stmt"/>
      <line num="77" count="132" type="stmt"/>
      <line num="78" count="132" type="stmt"/>
      <line num="80" count="22" type="stmt"/>
      <line num="81" count="154" type="stmt"/>
      <line num="86" count="21" type="stmt"/>
      <line num="87" count="21" type="cond" truecount="2" falsecount="0"/>
      <line num="88" count="21" type="stmt"/>
      <line num="89" count="21" type="stmt"/>
      <line num="93" count="7" type="stmt"/>
      <line num="94" count="7" type="stmt"/>
      <line num="95" count="46" type="cond" truecount="2" falsecount="0"/>
      <line num="96" count="12" type="stmt"/>
      <line num="97" count="12" type="stmt"/>
      <line num="98" count="34" type="cond" truecount="2" falsecount="0"/>
      <line num="99" count="28" type="stmt"/>
      <line num="101" count="34" type="stmt"/>
      <line num="103" count="12" type="stmt"/>
      <line num="108" count="31" type="stmt"/>
      <line num="109" count="31" type="stmt"/>
      <line num="110" count="193" type="cond" truecount="2" falsecount="0"/>
      <line num="111" count="60" type="stmt"/>
      <line num="112" count="60" type="stmt"/>
      <line num="113" count="184" type="cond" truecount="2" falsecount="0"/>
      <line num="114" count="124" type="cond" truecount="2" falsecount="0"/>
      <line num="116" count="184" type="stmt"/>
      <line num="118" count="60" type="stmt"/>
      <line num="123" count="4" type="cond" truecount="1" falsecount="1"/>
      <line num="124" count="4" type="stmt"/>
      <line num="125" count="4" type="stmt"/>
      <line num="129" count="1" type="stmt"/>
      <line num="130" count="4" type="cond" truecount="1" falsecount="1"/>
      <line num="131" count="1" type="stmt"/>
      <line num="132" count="1" type="stmt"/>
      <line num="134" count="0" type="stmt"/>
      <line num="136" count="1" type="stmt"/>
      <line num="140" count="3" type="cond" truecount="3" falsecount="1"/>
      <line num="141" count="3" type="stmt"/>
      <line num="142" count="3" type="stmt"/>
      <line num="143" count="3" type="cond" truecount="2" falsecount="0"/>
      <line num="144" count="2" type="stmt"/>
      <line num="145" count="2" type="stmt"/>
      <line num="146" count="2" type="cond" truecount="1" falsecount="1"/>
      <line num="148" count="1" type="cond" truecount="1" falsecount="1"/>
      <line num="149" count="1" type="stmt"/>
      <line num="150" count="1" type="stmt"/>
      <line num="151" count="1" type="stmt"/>
      <line num="154" count="2" type="cond" truecount="1" falsecount="1"/>
      <line num="155" count="2" type="stmt"/>
      <line num="156" count="2" type="stmt"/>
      <line num="158" count="0" type="stmt"/>
      <line num="163" count="1" type="cond" truecount="3" falsecount="1"/>
      <line num="164" count="1" type="stmt"/>
      <line num="165" count="1" type="stmt"/>
      <line num="166" count="18" type="stmt"/>
      <line num="168" count="1" type="stmt"/>
      <line num="173" count="24" type="cond" truecount="2" falsecount="0"/>
      <line num="175" count="24" type="stmt"/>
      <line num="176" count="24" type="stmt"/>
      <line num="177" count="54" type="stmt"/>
      <line num="178" count="75" type="cond" truecount="2" falsecount="0"/>
      <line num="179" count="52" type="stmt"/>
      <line num="180" count="122" type="cond" truecount="2" falsecount="0"/>
      <line num="181" count="93" type="stmt"/>
      <line num="182" count="93" type="stmt"/>
      <line num="185" count="93" type="cond" truecount="2" falsecount="0"/>
      <line num="186" count="2" type="stmt"/>
      <line num="189" count="91" type="cond" truecount="3" falsecount="1"/>
      <line num="190" count="0" type="stmt"/>
      <line num="193" count="91" type="cond" truecount="2" falsecount="0"/>
      <line num="194" count="1" type="stmt"/>
      <line num="197" count="119" type="stmt"/>
      <line num="199" count="49" type="stmt"/>
      <line num="201" count="21" type="stmt"/>
      <line num="205" count="1" type="stmt"/>
      <line num="206" count="1" type="stmt"/>
      <line num="207" count="20" type="cond" truecount="3" falsecount="1"/>
      <line num="208" count="0" type="stmt"/>
      <line num="209" count="0" type="stmt"/>
      <line num="210" count="0" type="stmt"/>
      <line num="211" count="0" type="stmt"/>
      <line num="215" count="1" type="cond" truecount="1" falsecount="1"/>
      <line num="216" count="0" type="stmt"/>
      <line num="222" count="0" type="cond" truecount="0" falsecount="2"/>
      <line num="227" count="1" type="stmt"/>
      <line num="228" count="1" type="stmt"/>
      <line num="229" count="1" type="stmt"/>
      <line num="230" count="1" type="stmt"/>
      <line num="234" count="5" type="stmt"/>
      <line num="242" count="2" type="cond" truecount="3" falsecount="1"/>
      <line num="243" count="2" type="stmt"/>
      <line num="244" count="2" type="stmt"/>
      <line num="245" count="2" type="cond" truecount="2" falsecount="0"/>
      <line num="246" count="1" type="stmt"/>
      <line num="248" count="2" type="stmt"/>
      <line num="249" count="2" type="stmt"/>
      <line num="254" count="0" type="stmt"/>
      <line num="255" count="0" type="stmt"/>
      <line num="257" count="0" type="stmt"/>
      <line num="261" count="0" type="stmt"/>
    </file>
  </project>
</coverage>
