{"/Users/elisa/Documents/42PTC/red-tetris/back/Game.js": {"path":"/Users/elisa/Documents/42PTC/red-tetris/back/Game.js","statementMap":{"0":{"start":{"line":4,"column":10},"end":{"line":4,"column":11}},"1":{"start":{"line":7,"column":4},"end":{"line":7,"column":17}},"2":{"start":{"line":8,"column":4},"end":{"line":8,"column":21}},"3":{"start":{"line":9,"column":4},"end":{"line":9,"column":22}},"4":{"start":{"line":10,"column":4},"end":{"line":10,"column":23}},"5":{"start":{"line":11,"column":4},"end":{"line":11,"column":25}},"6":{"start":{"line":12,"column":4},"end":{"line":12,"column":21}},"7":{"start":{"line":13,"column":4},"end":{"line":13,"column":26}},"8":{"start":{"line":14,"column":4},"end":{"line":14,"column":21}},"9":{"start":{"line":15,"column":4},"end":{"line":15,"column":37}},"10":{"start":{"line":19,"column":12},"end":{"line":19,"column":34}},"11":{"start":{"line":20,"column":4},"end":{"line":22,"column":5}},"12":{"start":{"line":21,"column":6},"end":{"line":21,"column":22}},"13":{"start":{"line":23,"column":4},"end":{"line":26,"column":6}},"14":{"start":{"line":24,"column":6},"end":{"line":24,"column":35}},"15":{"start":{"line":25,"column":6},"end":{"line":25,"column":34}},"16":{"start":{"line":30,"column":4},"end":{"line":56,"column":5}},"17":{"start":{"line":31,"column":6},"end":{"line":45,"column":7}},"18":{"start":{"line":32,"column":8},"end":{"line":44,"column":9}},"19":{"start":{"line":33,"column":10},"end":{"line":33,"column":39}},"20":{"start":{"line":33,"column":30},"end":{"line":33,"column":39}},"21":{"start":{"line":34,"column":10},"end":{"line":43,"column":11}},"22":{"start":{"line":35,"column":12},"end":{"line":41,"column":15}},"23":{"start":{"line":36,"column":14},"end":{"line":40,"column":15}},"24":{"start":{"line":37,"column":16},"end":{"line":39,"column":17}},"25":{"start":{"line":37,"column":29},"end":{"line":37,"column":30}},"26":{"start":{"line":38,"column":18},"end":{"line":38,"column":31}},"27":{"start":{"line":42,"column":12},"end":{"line":42,"column":29}},"28":{"start":{"line":46,"column":6},"end":{"line":55,"column":7}},"29":{"start":{"line":47,"column":8},"end":{"line":49,"column":9}},"30":{"start":{"line":48,"column":10},"end":{"line":48,"column":24}},"31":{"start":{"line":51,"column":23},"end":{"line":51,"column":57}},"32":{"start":{"line":51,"column":50},"end":{"line":51,"column":56}},"33":{"start":{"line":52,"column":8},"end":{"line":54,"column":9}},"34":{"start":{"line":53,"column":10},"end":{"line":53,"column":24}},"35":{"start":{"line":60,"column":20},"end":{"line":60,"column":22}},"36":{"start":{"line":61,"column":4},"end":{"line":70,"column":6}},"37":{"start":{"line":63,"column":9},"end":{"line":69,"column":9}},"38":{"start":{"line":71,"column":4},"end":{"line":79,"column":6}},"39":{"start":{"line":83,"column":30},"end":{"line":83,"column":37}},"40":{"start":{"line":84,"column":4},"end":{"line":88,"column":7}},"41":{"start":{"line":85,"column":6},"end":{"line":87,"column":7}},"42":{"start":{"line":86,"column":8},"end":{"line":86,"column":64}},"43":{"start":{"line":92,"column":4},"end":{"line":94,"column":5}},"44":{"start":{"line":93,"column":6},"end":{"line":93,"column":18}},"45":{"start":{"line":95,"column":4},"end":{"line":95,"column":17}},"46":{"start":{"line":99,"column":4},"end":{"line":99,"column":51}},"47":{"start":{"line":100,"column":4},"end":{"line":100,"column":25}},"48":{"start":{"line":101,"column":4},"end":{"line":101,"column":27}},"49":{"start":{"line":102,"column":4},"end":{"line":105,"column":39}},"50":{"start":{"line":103,"column":6},"end":{"line":103,"column":20}},"51":{"start":{"line":104,"column":6},"end":{"line":104,"column":57}},"52":{"start":{"line":109,"column":4},"end":{"line":109,"column":29}},"53":{"start":{"line":110,"column":4},"end":{"line":110,"column":29}},"54":{"start":{"line":111,"column":4},"end":{"line":111,"column":57}},"55":{"start":{"line":115,"column":4},"end":{"line":115,"column":28}},"56":{"start":{"line":116,"column":4},"end":{"line":116,"column":37}},"57":{"start":{"line":117,"column":4},"end":{"line":117,"column":19}},"58":{"start":{"line":118,"column":4},"end":{"line":118,"column":27}},"59":{"start":{"line":119,"column":4},"end":{"line":127,"column":5}},"60":{"start":{"line":120,"column":6},"end":{"line":122,"column":7}},"61":{"start":{"line":121,"column":8},"end":{"line":121,"column":27}},"62":{"start":{"line":123,"column":6},"end":{"line":123,"column":21}},"63":{"start":{"line":124,"column":6},"end":{"line":124,"column":33}},"64":{"start":{"line":125,"column":6},"end":{"line":125,"column":17}},"65":{"start":{"line":126,"column":6},"end":{"line":126,"column":19}},"66":{"start":{"line":128,"column":4},"end":{"line":128,"column":56}}},"fnMap":{"0":{"name":"(anonymous_0)","decl":{"start":{"line":6,"column":2},"end":{"line":6,"column":3}},"loc":{"start":{"line":6,"column":45},"end":{"line":16,"column":3}},"line":6},"1":{"name":"(anonymous_1)","decl":{"start":{"line":18,"column":2},"end":{"line":18,"column":3}},"loc":{"start":{"line":18,"column":15},"end":{"line":27,"column":3}},"line":18},"2":{"name":"(anonymous_2)","decl":{"start":{"line":23,"column":11},"end":{"line":23,"column":12}},"loc":{"start":{"line":23,"column":17},"end":{"line":26,"column":5}},"line":23},"3":{"name":"(anonymous_3)","decl":{"start":{"line":29,"column":2},"end":{"line":29,"column":3}},"loc":{"start":{"line":29,"column":11},"end":{"line":57,"column":3}},"line":29},"4":{"name":"(anonymous_4)","decl":{"start":{"line":35,"column":33},"end":{"line":35,"column":34}},"loc":{"start":{"line":35,"column":40},"end":{"line":41,"column":13}},"line":35},"5":{"name":"(anonymous_5)","decl":{"start":{"line":51,"column":43},"end":{"line":51,"column":44}},"loc":{"start":{"line":51,"column":50},"end":{"line":51,"column":56}},"line":51},"6":{"name":"(anonymous_6)","decl":{"start":{"line":59,"column":2},"end":{"line":59,"column":3}},"loc":{"start":{"line":59,"column":12},"end":{"line":80,"column":3}},"line":59},"7":{"name":"(anonymous_7)","decl":{"start":{"line":62,"column":6},"end":{"line":62,"column":7}},"loc":{"start":{"line":63,"column":9},"end":{"line":69,"column":9}},"line":63},"8":{"name":"(anonymous_8)","decl":{"start":{"line":82,"column":2},"end":{"line":82,"column":3}},"loc":{"start":{"line":82,"column":27},"end":{"line":89,"column":3}},"line":82},"9":{"name":"(anonymous_9)","decl":{"start":{"line":84,"column":25},"end":{"line":84,"column":26}},"loc":{"start":{"line":84,"column":37},"end":{"line":88,"column":5}},"line":84},"10":{"name":"(anonymous_10)","decl":{"start":{"line":91,"column":2},"end":{"line":91,"column":3}},"loc":{"start":{"line":91,"column":16},"end":{"line":96,"column":3}},"line":91},"11":{"name":"(anonymous_11)","decl":{"start":{"line":98,"column":2},"end":{"line":98,"column":3}},"loc":{"start":{"line":98,"column":10},"end":{"line":106,"column":3}},"line":98},"12":{"name":"(anonymous_12)","decl":{"start":{"line":102,"column":28},"end":{"line":102,"column":29}},"loc":{"start":{"line":102,"column":34},"end":{"line":105,"column":5}},"line":102},"13":{"name":"(anonymous_13)","decl":{"start":{"line":108,"column":2},"end":{"line":108,"column":3}},"loc":{"start":{"line":108,"column":11},"end":{"line":112,"column":3}},"line":108},"14":{"name":"(anonymous_14)","decl":{"start":{"line":114,"column":2},"end":{"line":114,"column":3}},"loc":{"start":{"line":114,"column":12},"end":{"line":129,"column":3}},"line":114}},"branchMap":{"0":{"loc":{"start":{"line":20,"column":4},"end":{"line":22,"column":5}},"type":"if","locations":[{"start":{"line":20,"column":4},"end":{"line":22,"column":5}},{"start":{},"end":{}}],"line":20},"1":{"loc":{"start":{"line":30,"column":4},"end":{"line":56,"column":5}},"type":"if","locations":[{"start":{"line":30,"column":4},"end":{"line":56,"column":5}},{"start":{},"end":{}}],"line":30},"2":{"loc":{"start":{"line":32,"column":8},"end":{"line":44,"column":9}},"type":"if","locations":[{"start":{"line":32,"column":8},"end":{"line":44,"column":9}},{"start":{},"end":{}}],"line":32},"3":{"loc":{"start":{"line":32,"column":12},"end":{"line":32,"column":64}},"type":"binary-expr","locations":[{"start":{"line":32,"column":12},"end":{"line":32,"column":40}},{"start":{"line":32,"column":44},"end":{"line":32,"column":64}}],"line":32},"4":{"loc":{"start":{"line":33,"column":10},"end":{"line":33,"column":39}},"type":"if","locations":[{"start":{"line":33,"column":10},"end":{"line":33,"column":39}},{"start":{},"end":{}}],"line":33},"5":{"loc":{"start":{"line":34,"column":10},"end":{"line":43,"column":11}},"type":"if","locations":[{"start":{"line":34,"column":10},"end":{"line":43,"column":11}},{"start":{},"end":{}}],"line":34},"6":{"loc":{"start":{"line":36,"column":14},"end":{"line":40,"column":15}},"type":"if","locations":[{"start":{"line":36,"column":14},"end":{"line":40,"column":15}},{"start":{},"end":{}}],"line":36},"7":{"loc":{"start":{"line":46,"column":6},"end":{"line":55,"column":7}},"type":"if","locations":[{"start":{"line":46,"column":6},"end":{"line":55,"column":7}},{"start":{"line":50,"column":13},"end":{"line":55,"column":7}}],"line":46},"8":{"loc":{"start":{"line":47,"column":8},"end":{"line":49,"column":9}},"type":"if","locations":[{"start":{"line":47,"column":8},"end":{"line":49,"column":9}},{"start":{},"end":{}}],"line":47},"9":{"loc":{"start":{"line":52,"column":8},"end":{"line":54,"column":9}},"type":"if","locations":[{"start":{"line":52,"column":8},"end":{"line":54,"column":9}},{"start":{},"end":{}}],"line":52},"10":{"loc":{"start":{"line":85,"column":6},"end":{"line":87,"column":7}},"type":"if","locations":[{"start":{"line":85,"column":6},"end":{"line":87,"column":7}},{"start":{},"end":{}}],"line":85},"11":{"loc":{"start":{"line":92,"column":4},"end":{"line":94,"column":5}},"type":"if","locations":[{"start":{"line":92,"column":4},"end":{"line":94,"column":5}},{"start":{},"end":{}}],"line":92},"12":{"loc":{"start":{"line":105,"column":7},"end":{"line":105,"column":37}},"type":"cond-expr","locations":[{"start":{"line":105,"column":28},"end":{"line":105,"column":31}},{"start":{"line":105,"column":34},"end":{"line":105,"column":37}}],"line":105}},"s":{"0":9,"1":9,"2":9,"3":9,"4":9,"5":9,"6":9,"7":9,"8":9,"9":9,"10":2,"11":2,"12":0,"13":2,"14":6,"15":6,"16":1,"17":1,"18":2,"19":2,"20":0,"21":2,"22":1,"23":2,"24":1,"25":1,"26":1,"27":1,"28":1,"29":0,"30":0,"31":1,"32":2,"33":1,"34":0,"35":3,"36":3,"37":1,"38":3,"39":2,"40":2,"41":0,"42":0,"43":4,"44":1,"45":3,"46":2,"47":2,"48":2,"49":2,"50":0,"51":0,"52":1,"53":1,"54":1,"55":1,"56":1,"57":1,"58":1,"59":1,"60":0,"61":0,"62":0,"63":0,"64":0,"65":0,"66":1},"f":{"0":9,"1":2,"2":6,"3":1,"4":2,"5":2,"6":3,"7":1,"8":2,"9":0,"10":4,"11":2,"12":0,"13":1,"14":1},"b":{"0":[0,2],"1":[1,0],"2":[2,0],"3":[2,2],"4":[0,2],"5":[1,1],"6":[1,1],"7":[0,1],"8":[0,0],"9":[0,1],"10":[0,0],"11":[1,3],"12":[0,2]},"_coverageSchema":"1a1c01bbd47fc00a2c39e90264f33305004495a9","hash":"f934cfc677c2b0b6adf005473d62a28d484e9443"}
,"/Users/elisa/Documents/42PTC/red-tetris/back/Piece.js": {"path":"/Users/elisa/Documents/42PTC/red-tetris/back/Piece.js","statementMap":{"0":{"start":{"line":2,"column":18},"end":{"line":38,"column":3}},"1":{"start":{"line":41,"column":4},"end":{"line":41,"column":36}},"2":{"start":{"line":42,"column":4},"end":{"line":42,"column":22}},"3":{"start":{"line":43,"column":4},"end":{"line":43,"column":15}},"4":{"start":{"line":44,"column":4},"end":{"line":44,"column":15}},"5":{"start":{"line":47,"column":19},"end":{"line":57,"column":3}},"6":{"start":{"line":48,"column":14},"end":{"line":48,"column":31}},"7":{"start":{"line":49,"column":18},"end":{"line":49,"column":67}},"8":{"start":{"line":49,"column":50},"end":{"line":49,"column":66}},"9":{"start":{"line":51,"column":4},"end":{"line":55,"column":5}},"10":{"start":{"line":51,"column":17},"end":{"line":51,"column":18}},"11":{"start":{"line":52,"column":6},"end":{"line":54,"column":7}},"12":{"start":{"line":52,"column":19},"end":{"line":52,"column":20}},"13":{"start":{"line":53,"column":8},"end":{"line":53,"column":49}},"14":{"start":{"line":56,"column":4},"end":{"line":56,"column":18}}},"fnMap":{"0":{"name":"(anonymous_0)","decl":{"start":{"line":40,"column":2},"end":{"line":40,"column":3}},"loc":{"start":{"line":40,"column":20},"end":{"line":45,"column":3}},"line":40},"1":{"name":"(anonymous_1)","decl":{"start":{"line":47,"column":19},"end":{"line":47,"column":20}},"loc":{"start":{"line":47,"column":25},"end":{"line":57,"column":3}},"line":47},"2":{"name":"(anonymous_2)","decl":{"start":{"line":49,"column":44},"end":{"line":49,"column":45}},"loc":{"start":{"line":49,"column":50},"end":{"line":49,"column":66}},"line":49}},"branchMap":{},"s":{"0":3,"1":193,"2":193,"3":193,"4":193,"5":193,"6":35,"7":35,"8":107,"9":35,"10":35,"11":107,"12":107,"13":339,"14":35},"f":{"0":193,"1":35,"2":107},"b":{},"_coverageSchema":"1a1c01bbd47fc00a2c39e90264f33305004495a9","hash":"23b2164e33118b1d0c9f5036a735b2b043255b2f"}
,"/Users/elisa/Documents/42PTC/red-tetris/back/Player.js": {"path":"/Users/elisa/Documents/42PTC/red-tetris/back/Player.js","statementMap":{"0":{"start":{"line":4,"column":23},"end":{"line":4,"column":58}},"1":{"start":{"line":7,"column":17},"end":{"line":7,"column":21}},"2":{"start":{"line":8,"column":8},"end":{"line":8,"column":10}},"3":{"start":{"line":9,"column":9},"end":{"line":9,"column":14}},"4":{"start":{"line":12,"column":10},"end":{"line":12,"column":11}},"5":{"start":{"line":14,"column":17},"end":{"line":35,"column":3}},"6":{"start":{"line":37,"column":9},"end":{"line":58,"column":3}},"7":{"start":{"line":60,"column":10},"end":{"line":60,"column":11}},"8":{"start":{"line":63,"column":4},"end":{"line":63,"column":21}},"9":{"start":{"line":64,"column":4},"end":{"line":64,"column":16}},"10":{"start":{"line":65,"column":4},"end":{"line":65,"column":35}},"11":{"start":{"line":66,"column":4},"end":{"line":66,"column":21}},"12":{"start":{"line":67,"column":4},"end":{"line":67,"column":19}},"13":{"start":{"line":72,"column":21},"end":{"line":72,"column":51}},"14":{"start":{"line":73,"column":4},"end":{"line":75,"column":5}},"15":{"start":{"line":73,"column":17},"end":{"line":73,"column":18}},"16":{"start":{"line":74,"column":6},"end":{"line":74,"column":43}},"17":{"start":{"line":76,"column":4},"end":{"line":79,"column":5}},"18":{"start":{"line":76,"column":17},"end":{"line":76,"column":36}},"19":{"start":{"line":77,"column":16},"end":{"line":77,"column":49}},"20":{"start":{"line":78,"column":6},"end":{"line":78,"column":62}},"21":{"start":{"line":80,"column":4},"end":{"line":82,"column":5}},"22":{"start":{"line":81,"column":6},"end":{"line":81,"column":22}},"23":{"start":{"line":86,"column":4},"end":{"line":86,"column":62}},"24":{"start":{"line":87,"column":4},"end":{"line":87,"column":46}},"25":{"start":{"line":87,"column":30},"end":{"line":87,"column":46}},"26":{"start":{"line":88,"column":4},"end":{"line":88,"column":41}},"27":{"start":{"line":89,"column":4},"end":{"line":89,"column":15}},"28":{"start":{"line":93,"column":12},"end":{"line":93,"column":13}},"29":{"start":{"line":94,"column":4},"end":{"line":104,"column":5}},"30":{"start":{"line":95,"column":6},"end":{"line":95,"column":43}},"31":{"start":{"line":95,"column":25},"end":{"line":95,"column":32}},"32":{"start":{"line":95,"column":35},"end":{"line":95,"column":43}},"33":{"start":{"line":96,"column":14},"end":{"line":96,"column":15}},"34":{"start":{"line":97,"column":6},"end":{"line":102,"column":7}},"35":{"start":{"line":98,"column":8},"end":{"line":100,"column":9}},"36":{"start":{"line":99,"column":10},"end":{"line":99,"column":73}},"37":{"start":{"line":101,"column":8},"end":{"line":101,"column":11}},"38":{"start":{"line":103,"column":6},"end":{"line":103,"column":10}},"39":{"start":{"line":108,"column":12},"end":{"line":108,"column":13}},"40":{"start":{"line":109,"column":4},"end":{"line":119,"column":5}},"41":{"start":{"line":110,"column":6},"end":{"line":110,"column":43}},"42":{"start":{"line":110,"column":25},"end":{"line":110,"column":32}},"43":{"start":{"line":110,"column":35},"end":{"line":110,"column":43}},"44":{"start":{"line":111,"column":14},"end":{"line":111,"column":15}},"45":{"start":{"line":112,"column":6},"end":{"line":117,"column":7}},"46":{"start":{"line":113,"column":8},"end":{"line":115,"column":9}},"47":{"start":{"line":114,"column":10},"end":{"line":114,"column":105}},"48":{"start":{"line":116,"column":8},"end":{"line":116,"column":11}},"49":{"start":{"line":118,"column":6},"end":{"line":118,"column":10}},"50":{"start":{"line":123,"column":4},"end":{"line":123,"column":32}},"51":{"start":{"line":123,"column":19},"end":{"line":123,"column":32}},"52":{"start":{"line":124,"column":4},"end":{"line":124,"column":24}},"53":{"start":{"line":125,"column":4},"end":{"line":125,"column":21}},"54":{"start":{"line":129,"column":4},"end":{"line":129,"column":24}},"55":{"start":{"line":130,"column":4},"end":{"line":135,"column":5}},"56":{"start":{"line":130,"column":33},"end":{"line":130,"column":40}},"57":{"start":{"line":131,"column":6},"end":{"line":131,"column":64}},"58":{"start":{"line":132,"column":6},"end":{"line":132,"column":22}},"59":{"start":{"line":134,"column":6},"end":{"line":134,"column":22}},"60":{"start":{"line":136,"column":4},"end":{"line":136,"column":18}},"61":{"start":{"line":140,"column":4},"end":{"line":157,"column":5}},"62":{"start":{"line":141,"column":6},"end":{"line":141,"column":20}},"63":{"start":{"line":142,"column":22},"end":{"line":142,"column":40}},"64":{"start":{"line":143,"column":6},"end":{"line":153,"column":7}},"65":{"start":{"line":144,"column":8},"end":{"line":144,"column":54}},"66":{"start":{"line":145,"column":8},"end":{"line":145,"column":54}},"67":{"start":{"line":146,"column":8},"end":{"line":146,"column":62}},"68":{"start":{"line":148,"column":8},"end":{"line":152,"column":9}},"69":{"start":{"line":149,"column":10},"end":{"line":149,"column":22}},"70":{"start":{"line":150,"column":10},"end":{"line":150,"column":24}},"71":{"start":{"line":151,"column":10},"end":{"line":151,"column":25}},"72":{"start":{"line":154,"column":6},"end":{"line":154,"column":60}},"73":{"start":{"line":155,"column":6},"end":{"line":155,"column":19}},"74":{"start":{"line":156,"column":6},"end":{"line":156,"column":21}},"75":{"start":{"line":158,"column":4},"end":{"line":158,"column":17}},"76":{"start":{"line":163,"column":4},"end":{"line":169,"column":5}},"77":{"start":{"line":164,"column":6},"end":{"line":164,"column":20}},"78":{"start":{"line":165,"column":6},"end":{"line":167,"column":7}},"79":{"start":{"line":166,"column":8},"end":{"line":166,"column":30}},"80":{"start":{"line":168,"column":6},"end":{"line":168,"column":18}},"81":{"start":{"line":173,"column":18},"end":{"line":173,"column":59}},"82":{"start":{"line":175,"column":12},"end":{"line":175,"column":13}},"83":{"start":{"line":176,"column":4},"end":{"line":200,"column":5}},"84":{"start":{"line":177,"column":14},"end":{"line":177,"column":15}},"85":{"start":{"line":178,"column":6},"end":{"line":178,"column":43}},"86":{"start":{"line":178,"column":25},"end":{"line":178,"column":32}},"87":{"start":{"line":178,"column":35},"end":{"line":178,"column":43}},"88":{"start":{"line":179,"column":6},"end":{"line":198,"column":7}},"89":{"start":{"line":180,"column":8},"end":{"line":196,"column":9}},"90":{"start":{"line":181,"column":21},"end":{"line":181,"column":49}},"91":{"start":{"line":182,"column":21},"end":{"line":182,"column":49}},"92":{"start":{"line":185,"column":10},"end":{"line":187,"column":11}},"93":{"start":{"line":186,"column":12},"end":{"line":186,"column":24}},"94":{"start":{"line":189,"column":10},"end":{"line":191,"column":11}},"95":{"start":{"line":190,"column":12},"end":{"line":190,"column":24}},"96":{"start":{"line":193,"column":10},"end":{"line":195,"column":11}},"97":{"start":{"line":194,"column":12},"end":{"line":194,"column":24}},"98":{"start":{"line":197,"column":8},"end":{"line":197,"column":12}},"99":{"start":{"line":199,"column":6},"end":{"line":199,"column":10}},"100":{"start":{"line":201,"column":4},"end":{"line":201,"column":17}},"101":{"start":{"line":205,"column":23},"end":{"line":205,"column":24}},"102":{"start":{"line":206,"column":4},"end":{"line":213,"column":5}},"103":{"start":{"line":206,"column":17},"end":{"line":206,"column":18}},"104":{"start":{"line":207,"column":6},"end":{"line":212,"column":7}},"105":{"start":{"line":207,"column":34},"end":{"line":207,"column":52}},"106":{"start":{"line":208,"column":8},"end":{"line":208,"column":30}},"107":{"start":{"line":209,"column":8},"end":{"line":209,"column":62}},"108":{"start":{"line":210,"column":8},"end":{"line":210,"column":21}},"109":{"start":{"line":211,"column":8},"end":{"line":211,"column":23}},"110":{"start":{"line":215,"column":4},"end":{"line":223,"column":5}},"111":{"start":{"line":216,"column":25},"end":{"line":221,"column":7}},"112":{"start":{"line":222,"column":6},"end":{"line":222,"column":50}},"113":{"start":{"line":227,"column":4},"end":{"line":227,"column":17}},"114":{"start":{"line":228,"column":4},"end":{"line":228,"column":26}},"115":{"start":{"line":229,"column":4},"end":{"line":229,"column":59}},"116":{"start":{"line":230,"column":4},"end":{"line":230,"column":15}},"117":{"start":{"line":234,"column":4},"end":{"line":238,"column":8}},"118":{"start":{"line":242,"column":4},"end":{"line":250,"column":5}},"119":{"start":{"line":243,"column":6},"end":{"line":243,"column":20}},"120":{"start":{"line":244,"column":20},"end":{"line":244,"column":54}},"121":{"start":{"line":245,"column":6},"end":{"line":247,"column":7}},"122":{"start":{"line":246,"column":8},"end":{"line":246,"column":42}},"123":{"start":{"line":248,"column":6},"end":{"line":248,"column":17}},"124":{"start":{"line":249,"column":6},"end":{"line":249,"column":19}},"125":{"start":{"line":254,"column":4},"end":{"line":256,"column":5}},"126":{"start":{"line":255,"column":6},"end":{"line":255,"column":32}},"127":{"start":{"line":257,"column":4},"end":{"line":257,"column":44}},"128":{"start":{"line":261,"column":4},"end":{"line":261,"column":21}}},"fnMap":{"0":{"name":"(anonymous_0)","decl":{"start":{"line":62,"column":2},"end":{"line":62,"column":3}},"loc":{"start":{"line":62,"column":48},"end":{"line":68,"column":3}},"line":62},"1":{"name":"(anonymous_1)","decl":{"start":{"line":71,"column":2},"end":{"line":71,"column":3}},"loc":{"start":{"line":71,"column":14},"end":{"line":83,"column":3}},"line":71},"2":{"name":"(anonymous_2)","decl":{"start":{"line":85,"column":2},"end":{"line":85,"column":3}},"loc":{"start":{"line":85,"column":13},"end":{"line":90,"column":3}},"line":85},"3":{"name":"(anonymous_3)","decl":{"start":{"line":92,"column":2},"end":{"line":92,"column":3}},"loc":{"start":{"line":92,"column":11},"end":{"line":105,"column":3}},"line":92},"4":{"name":"(anonymous_4)","decl":{"start":{"line":95,"column":20},"end":{"line":95,"column":21}},"loc":{"start":{"line":95,"column":25},"end":{"line":95,"column":32}},"line":95},"5":{"name":"(anonymous_5)","decl":{"start":{"line":107,"column":2},"end":{"line":107,"column":3}},"loc":{"start":{"line":107,"column":26},"end":{"line":120,"column":3}},"line":107},"6":{"name":"(anonymous_6)","decl":{"start":{"line":110,"column":20},"end":{"line":110,"column":21}},"loc":{"start":{"line":110,"column":25},"end":{"line":110,"column":32}},"line":110},"7":{"name":"(anonymous_7)","decl":{"start":{"line":122,"column":2},"end":{"line":122,"column":3}},"loc":{"start":{"line":122,"column":9},"end":{"line":126,"column":3}},"line":122},"8":{"name":"(anonymous_8)","decl":{"start":{"line":128,"column":2},"end":{"line":128,"column":3}},"loc":{"start":{"line":128,"column":11},"end":{"line":137,"column":3}},"line":128},"9":{"name":"(anonymous_9)","decl":{"start":{"line":130,"column":26},"end":{"line":130,"column":27}},"loc":{"start":{"line":130,"column":33},"end":{"line":130,"column":40}},"line":130},"10":{"name":"(anonymous_10)","decl":{"start":{"line":139,"column":2},"end":{"line":139,"column":3}},"loc":{"start":{"line":139,"column":18},"end":{"line":159,"column":3}},"line":139},"11":{"name":"(anonymous_11)","decl":{"start":{"line":162,"column":2},"end":{"line":162,"column":3}},"loc":{"start":{"line":162,"column":13},"end":{"line":170,"column":3}},"line":162},"12":{"name":"(anonymous_12)","decl":{"start":{"line":172,"column":2},"end":{"line":172,"column":3}},"loc":{"start":{"line":172,"column":33},"end":{"line":202,"column":3}},"line":172},"13":{"name":"(anonymous_13)","decl":{"start":{"line":178,"column":20},"end":{"line":178,"column":21}},"loc":{"start":{"line":178,"column":25},"end":{"line":178,"column":32}},"line":178},"14":{"name":"(anonymous_14)","decl":{"start":{"line":204,"column":2},"end":{"line":204,"column":3}},"loc":{"start":{"line":204,"column":17},"end":{"line":224,"column":3}},"line":204},"15":{"name":"(anonymous_15)","decl":{"start":{"line":207,"column":29},"end":{"line":207,"column":30}},"loc":{"start":{"line":207,"column":34},"end":{"line":207,"column":52}},"line":207},"16":{"name":"(anonymous_16)","decl":{"start":{"line":226,"column":2},"end":{"line":226,"column":3}},"loc":{"start":{"line":226,"column":13},"end":{"line":231,"column":3}},"line":226},"17":{"name":"(anonymous_17)","decl":{"start":{"line":233,"column":2},"end":{"line":233,"column":3}},"loc":{"start":{"line":233,"column":17},"end":{"line":239,"column":3}},"line":233},"18":{"name":"(anonymous_18)","decl":{"start":{"line":241,"column":2},"end":{"line":241,"column":3}},"loc":{"start":{"line":241,"column":21},"end":{"line":251,"column":3}},"line":241},"19":{"name":"(anonymous_19)","decl":{"start":{"line":253,"column":2},"end":{"line":253,"column":3}},"loc":{"start":{"line":253,"column":25},"end":{"line":258,"column":3}},"line":253},"20":{"name":"(anonymous_20)","decl":{"start":{"line":260,"column":2},"end":{"line":260,"column":3}},"loc":{"start":{"line":260,"column":11},"end":{"line":262,"column":3}},"line":260}},"branchMap":{"0":{"loc":{"start":{"line":62,"column":24},"end":{"line":62,"column":40}},"type":"default-arg","locations":[{"start":{"line":62,"column":31},"end":{"line":62,"column":40}}],"line":62},"1":{"loc":{"start":{"line":65,"column":16},"end":{"line":65,"column":35}},"type":"binary-expr","locations":[{"start":{"line":65,"column":16},"end":{"line":65,"column":20}},{"start":{"line":65,"column":24},"end":{"line":65,"column":35}}],"line":65},"2":{"loc":{"start":{"line":87,"column":4},"end":{"line":87,"column":46}},"type":"if","locations":[{"start":{"line":87,"column":4},"end":{"line":87,"column":46}},{"start":{},"end":{}}],"line":87},"3":{"loc":{"start":{"line":95,"column":6},"end":{"line":95,"column":43}},"type":"if","locations":[{"start":{"line":95,"column":6},"end":{"line":95,"column":43}},{"start":{},"end":{}}],"line":95},"4":{"loc":{"start":{"line":98,"column":8},"end":{"line":100,"column":9}},"type":"if","locations":[{"start":{"line":98,"column":8},"end":{"line":100,"column":9}},{"start":{},"end":{}}],"line":98},"5":{"loc":{"start":{"line":107,"column":7},"end":{"line":107,"column":24}},"type":"default-arg","locations":[{"start":{"line":107,"column":15},"end":{"line":107,"column":24}}],"line":107},"6":{"loc":{"start":{"line":110,"column":6},"end":{"line":110,"column":43}},"type":"if","locations":[{"start":{"line":110,"column":6},"end":{"line":110,"column":43}},{"start":{},"end":{}}],"line":110},"7":{"loc":{"start":{"line":113,"column":8},"end":{"line":115,"column":9}},"type":"if","locations":[{"start":{"line":113,"column":8},"end":{"line":115,"column":9}},{"start":{},"end":{}}],"line":113},"8":{"loc":{"start":{"line":114,"column":72},"end":{"line":114,"column":104}},"type":"binary-expr","locations":[{"start":{"line":114,"column":72},"end":{"line":114,"column":77}},{"start":{"line":114,"column":81},"end":{"line":114,"column":104}}],"line":114},"9":{"loc":{"start":{"line":123,"column":4},"end":{"line":123,"column":32}},"type":"if","locations":[{"start":{"line":123,"column":4},"end":{"line":123,"column":32}},{"start":{},"end":{}}],"line":123},"10":{"loc":{"start":{"line":130,"column":4},"end":{"line":135,"column":5}},"type":"if","locations":[{"start":{"line":130,"column":4},"end":{"line":135,"column":5}},{"start":{"line":133,"column":11},"end":{"line":135,"column":5}}],"line":130},"11":{"loc":{"start":{"line":140,"column":4},"end":{"line":157,"column":5}},"type":"if","locations":[{"start":{"line":140,"column":4},"end":{"line":157,"column":5}},{"start":{},"end":{}}],"line":140},"12":{"loc":{"start":{"line":140,"column":8},"end":{"line":140,"column":39}},"type":"binary-expr","locations":[{"start":{"line":140,"column":8},"end":{"line":140,"column":25}},{"start":{"line":140,"column":29},"end":{"line":140,"column":39}}],"line":140},"13":{"loc":{"start":{"line":143,"column":6},"end":{"line":153,"column":7}},"type":"if","locations":[{"start":{"line":143,"column":6},"end":{"line":153,"column":7}},{"start":{"line":147,"column":13},"end":{"line":153,"column":7}}],"line":143},"14":{"loc":{"start":{"line":146,"column":18},"end":{"line":146,"column":61}},"type":"cond-expr","locations":[{"start":{"line":146,"column":46},"end":{"line":146,"column":49}},{"start":{"line":146,"column":52},"end":{"line":146,"column":61}}],"line":146},"15":{"loc":{"start":{"line":148,"column":8},"end":{"line":152,"column":9}},"type":"if","locations":[{"start":{"line":148,"column":8},"end":{"line":152,"column":9}},{"start":{},"end":{}}],"line":148},"16":{"loc":{"start":{"line":154,"column":16},"end":{"line":154,"column":59}},"type":"cond-expr","locations":[{"start":{"line":154,"column":44},"end":{"line":154,"column":47}},{"start":{"line":154,"column":50},"end":{"line":154,"column":59}}],"line":154},"17":{"loc":{"start":{"line":163,"column":4},"end":{"line":169,"column":5}},"type":"if","locations":[{"start":{"line":163,"column":4},"end":{"line":169,"column":5}},{"start":{},"end":{}}],"line":163},"18":{"loc":{"start":{"line":163,"column":8},"end":{"line":163,"column":39}},"type":"binary-expr","locations":[{"start":{"line":163,"column":8},"end":{"line":163,"column":25}},{"start":{"line":163,"column":29},"end":{"line":163,"column":39}}],"line":163},"19":{"loc":{"start":{"line":172,"column":18},"end":{"line":172,"column":31}},"type":"default-arg","locations":[{"start":{"line":172,"column":27},"end":{"line":172,"column":31}}],"line":172},"20":{"loc":{"start":{"line":173,"column":18},"end":{"line":173,"column":59}},"type":"cond-expr","locations":[{"start":{"line":173,"column":27},"end":{"line":173,"column":33}},{"start":{"line":173,"column":36},"end":{"line":173,"column":59}}],"line":173},"21":{"loc":{"start":{"line":178,"column":6},"end":{"line":178,"column":43}},"type":"if","locations":[{"start":{"line":178,"column":6},"end":{"line":178,"column":43}},{"start":{},"end":{}}],"line":178},"22":{"loc":{"start":{"line":180,"column":8},"end":{"line":196,"column":9}},"type":"if","locations":[{"start":{"line":180,"column":8},"end":{"line":196,"column":9}},{"start":{},"end":{}}],"line":180},"23":{"loc":{"start":{"line":185,"column":10},"end":{"line":187,"column":11}},"type":"if","locations":[{"start":{"line":185,"column":10},"end":{"line":187,"column":11}},{"start":{},"end":{}}],"line":185},"24":{"loc":{"start":{"line":189,"column":10},"end":{"line":191,"column":11}},"type":"if","locations":[{"start":{"line":189,"column":10},"end":{"line":191,"column":11}},{"start":{},"end":{}}],"line":189},"25":{"loc":{"start":{"line":189,"column":14},"end":{"line":189,"column":49}},"type":"binary-expr","locations":[{"start":{"line":189,"column":14},"end":{"line":189,"column":39}},{"start":{"line":189,"column":43},"end":{"line":189,"column":49}}],"line":189},"26":{"loc":{"start":{"line":193,"column":10},"end":{"line":195,"column":11}},"type":"if","locations":[{"start":{"line":193,"column":10},"end":{"line":195,"column":11}},{"start":{},"end":{}}],"line":193},"27":{"loc":{"start":{"line":207,"column":6},"end":{"line":212,"column":7}},"type":"if","locations":[{"start":{"line":207,"column":6},"end":{"line":212,"column":7}},{"start":{},"end":{}}],"line":207},"28":{"loc":{"start":{"line":207,"column":34},"end":{"line":207,"column":52}},"type":"binary-expr","locations":[{"start":{"line":207,"column":34},"end":{"line":207,"column":41}},{"start":{"line":207,"column":45},"end":{"line":207,"column":52}}],"line":207},"29":{"loc":{"start":{"line":215,"column":4},"end":{"line":223,"column":5}},"type":"if","locations":[{"start":{"line":215,"column":4},"end":{"line":223,"column":5}},{"start":{},"end":{}}],"line":215},"30":{"loc":{"start":{"line":222,"column":20},"end":{"line":222,"column":49}},"type":"binary-expr","locations":[{"start":{"line":222,"column":20},"end":{"line":222,"column":44}},{"start":{"line":222,"column":48},"end":{"line":222,"column":49}}],"line":222},"31":{"loc":{"start":{"line":242,"column":4},"end":{"line":250,"column":5}},"type":"if","locations":[{"start":{"line":242,"column":4},"end":{"line":250,"column":5}},{"start":{},"end":{}}],"line":242},"32":{"loc":{"start":{"line":242,"column":8},"end":{"line":242,"column":39}},"type":"binary-expr","locations":[{"start":{"line":242,"column":8},"end":{"line":242,"column":25}},{"start":{"line":242,"column":29},"end":{"line":242,"column":39}}],"line":242},"33":{"loc":{"start":{"line":245,"column":6},"end":{"line":247,"column":7}},"type":"if","locations":[{"start":{"line":245,"column":6},"end":{"line":247,"column":7}},{"start":{},"end":{}}],"line":245},"34":{"loc":{"start":{"line":253,"column":13},"end":{"line":253,"column":23}},"type":"default-arg","locations":[{"start":{"line":253,"column":21},"end":{"line":253,"column":23}}],"line":253}},"s":{"0":2,"1":15,"2":15,"3":15,"4":15,"5":15,"6":15,"7":15,"8":15,"9":15,"10":15,"11":15,"12":15,"13":22,"14":22,"15":22,"16":154,"17":22,"18":22,"19":132,"20":132,"21":22,"22":154,"23":21,"24":21,"25":20,"26":21,"27":21,"28":7,"29":7,"30":21,"31":46,"32":9,"33":12,"34":12,"35":34,"36":28,"37":34,"38":12,"39":31,"40":31,"41":96,"42":193,"43":36,"44":60,"45":60,"46":184,"47":124,"48":184,"49":60,"50":4,"51":0,"52":4,"53":4,"54":1,"55":1,"56":4,"57":1,"58":1,"59":0,"60":1,"61":3,"62":3,"63":3,"64":3,"65":2,"66":2,"67":2,"68":1,"69":1,"70":1,"71":1,"72":2,"73":2,"74":2,"75":0,"76":1,"77":1,"78":1,"79":18,"80":1,"81":24,"82":24,"83":24,"84":54,"85":54,"86":75,"87":2,"88":52,"89":122,"90":93,"91":93,"92":93,"93":2,"94":91,"95":0,"96":91,"97":1,"98":119,"99":49,"100":21,"101":1,"102":1,"103":1,"104":20,"105":20,"106":0,"107":0,"108":0,"109":0,"110":1,"111":0,"112":0,"113":1,"114":1,"115":1,"116":1,"117":5,"118":2,"119":2,"120":2,"121":2,"122":1,"123":2,"124":2,"125":0,"126":0,"127":0,"128":0},"f":{"0":15,"1":22,"2":21,"3":7,"4":46,"5":31,"6":193,"7":4,"8":1,"9":4,"10":3,"11":1,"12":24,"13":75,"14":1,"15":20,"16":1,"17":5,"18":2,"19":0,"20":0},"b":{"0":[2],"1":[15,2],"2":[20,1],"3":[9,12],"4":[28,6],"5":[31],"6":[36,60],"7":[124,60],"8":[124,124],"9":[0,4],"10":[1,0],"11":[3,0],"12":[3,3],"13":[2,1],"14":[0,2],"15":[1,0],"16":[0,2],"17":[1,0],"18":[1,1],"19":[22],"20":[2,22],"21":[2,52],"22":[93,29],"23":[2,91],"24":[0,91],"25":[91,91],"26":[1,90],"27":[0,20],"28":[20,18],"29":[0,1],"30":[0,0],"31":[2,0],"32":[2,2],"33":[1,1],"34":[0]},"_coverageSchema":"1a1c01bbd47fc00a2c39e90264f33305004495a9","hash":"55328bde978e9871b5fbc63d2c6bd481a7904d27"}
}
