TN:
SF:Game.js
FN:6,(anonymous_0)
FN:18,(anonymous_1)
FN:23,(anonymous_2)
FN:29,(anonymous_3)
FN:35,(anonymous_4)
FN:51,(anonymous_5)
FN:59,(anonymous_6)
FN:62,(anonymous_7)
FN:82,(anonymous_8)
FN:84,(anonymous_9)
FN:91,(anonymous_10)
FN:98,(anonymous_11)
FN:102,(anonymous_12)
FN:108,(anonymous_13)
FN:114,(anonymous_14)
FNF:15
FNH:13
FNDA:9,(anonymous_0)
FNDA:2,(anonymous_1)
FNDA:6,(anonymous_2)
FNDA:1,(anonymous_3)
FNDA:2,(anonymous_4)
FNDA:2,(anonymous_5)
FNDA:3,(anonymous_6)
FNDA:1,(anonymous_7)
FNDA:2,(anonymous_8)
FNDA:0,(anonymous_9)
FNDA:4,(anonymous_10)
FNDA:2,(anonymous_11)
FNDA:0,(anonymous_12)
FNDA:1,(anonymous_13)
FNDA:1,(anonymous_14)
DA:4,9
DA:7,9
DA:8,9
DA:9,9
DA:10,9
DA:11,9
DA:12,9
DA:13,9
DA:14,9
DA:15,9
DA:19,2
DA:20,2
DA:21,0
DA:23,2
DA:24,6
DA:25,6
DA:30,1
DA:31,1
DA:32,2
DA:33,2
DA:34,2
DA:35,1
DA:36,2
DA:37,1
DA:38,1
DA:42,1
DA:46,1
DA:47,0
DA:48,0
DA:51,2
DA:52,1
DA:53,0
DA:60,3
DA:61,3
DA:63,1
DA:71,3
DA:83,2
DA:84,2
DA:85,0
DA:86,0
DA:92,4
DA:93,1
DA:95,3
DA:99,2
DA:100,2
DA:101,2
DA:102,2
DA:103,0
DA:104,0
DA:109,1
DA:110,1
DA:111,1
DA:115,1
DA:116,1
DA:117,1
DA:118,1
DA:119,1
DA:120,0
DA:121,0
DA:123,0
DA:124,0
DA:125,0
DA:126,0
DA:128,1
LF:64
LH:50
BRDA:20,0,0,0
BRDA:20,0,1,2
BRDA:30,1,0,1
BRDA:30,1,1,0
BRDA:32,2,0,2
BRDA:32,2,1,0
BRDA:32,3,0,2
BRDA:32,3,1,2
BRDA:33,4,0,0
BRDA:33,4,1,2
BRDA:34,5,0,1
BRDA:34,5,1,1
BRDA:36,6,0,1
BRDA:36,6,1,1
BRDA:46,7,0,0
BRDA:46,7,1,1
BRDA:47,8,0,0
BRDA:47,8,1,0
BRDA:52,9,0,0
BRDA:52,9,1,1
BRDA:85,10,0,0
BRDA:85,10,1,0
BRDA:92,11,0,1
BRDA:92,11,1,3
BRDA:105,12,0,0
BRDA:105,12,1,2
BRF:26
BRH:15
end_of_record
TN:
SF:Piece.js
FN:40,(anonymous_0)
FN:47,(anonymous_1)
FN:49,(anonymous_2)
FNF:3
FNH:3
FNDA:193,(anonymous_0)
FNDA:35,(anonymous_1)
FNDA:107,(anonymous_2)
DA:2,3
DA:41,193
DA:42,193
DA:43,193
DA:44,193
DA:47,193
DA:48,35
DA:49,107
DA:51,35
DA:52,107
DA:53,339
DA:56,35
LF:12
LH:12
BRF:0
BRH:0
end_of_record
TN:
SF:Player.js
FN:62,(anonymous_0)
FN:71,(anonymous_1)
FN:85,(anonymous_2)
FN:92,(anonymous_3)
FN:95,(anonymous_4)
FN:107,(anonymous_5)
FN:110,(anonymous_6)
FN:122,(anonymous_7)
FN:128,(anonymous_8)
FN:130,(anonymous_9)
FN:139,(anonymous_10)
FN:162,(anonymous_11)
FN:172,(anonymous_12)
FN:178,(anonymous_13)
FN:204,(anonymous_14)
FN:207,(anonymous_15)
FN:226,(anonymous_16)
FN:233,(anonymous_17)
FN:241,(anonymous_18)
FN:253,(anonymous_19)
FN:260,(anonymous_20)
FNF:21
FNH:19
FNDA:15,(anonymous_0)
FNDA:22,(anonymous_1)
FNDA:21,(anonymous_2)
FNDA:7,(anonymous_3)
FNDA:46,(anonymous_4)
FNDA:31,(anonymous_5)
FNDA:193,(anonymous_6)
FNDA:4,(anonymous_7)
FNDA:1,(anonymous_8)
FNDA:4,(anonymous_9)
FNDA:3,(anonymous_10)
FNDA:1,(anonymous_11)
FNDA:24,(anonymous_12)
FNDA:75,(anonymous_13)
FNDA:1,(anonymous_14)
FNDA:20,(anonymous_15)
FNDA:1,(anonymous_16)
FNDA:5,(anonymous_17)
FNDA:2,(anonymous_18)
FNDA:0,(anonymous_19)
FNDA:0,(anonymous_20)
DA:4,2
DA:7,15
DA:8,15
DA:9,15
DA:12,15
DA:14,15
DA:37,15
DA:60,15
DA:63,15
DA:64,15
DA:65,15
DA:66,15
DA:67,15
DA:72,22
DA:73,22
DA:74,154
DA:76,22
DA:77,132
DA:78,132
DA:80,22
DA:81,154
DA:86,21
DA:87,21
DA:88,21
DA:89,21
DA:93,7
DA:94,7
DA:95,46
DA:96,12
DA:97,12
DA:98,34
DA:99,28
DA:101,34
DA:103,12
DA:108,31
DA:109,31
DA:110,193
DA:111,60
DA:112,60
DA:113,184
DA:114,124
DA:116,184
DA:118,60
DA:123,4
DA:124,4
DA:125,4
DA:129,1
DA:130,4
DA:131,1
DA:132,1
DA:134,0
DA:136,1
DA:140,3
DA:141,3
DA:142,3
DA:143,3
DA:144,2
DA:145,2
DA:146,2
DA:148,1
DA:149,1
DA:150,1
DA:151,1
DA:154,2
DA:155,2
DA:156,2
DA:158,0
DA:163,1
DA:164,1
DA:165,1
DA:166,18
DA:168,1
DA:173,24
DA:175,24
DA:176,24
DA:177,54
DA:178,75
DA:179,52
DA:180,122
DA:181,93
DA:182,93
DA:185,93
DA:186,2
DA:189,91
DA:190,0
DA:193,91
DA:194,1
DA:197,119
DA:199,49
DA:201,21
DA:205,1
DA:206,1
DA:207,20
DA:208,0
DA:209,0
DA:210,0
DA:211,0
DA:215,1
DA:216,0
DA:222,0
DA:227,1
DA:228,1
DA:229,1
DA:230,1
DA:234,5
DA:242,2
DA:243,2
DA:244,2
DA:245,2
DA:246,1
DA:248,2
DA:249,2
DA:254,0
DA:255,0
DA:257,0
DA:261,0
LF:116
LH:103
BRDA:62,0,0,2
BRDA:65,1,0,15
BRDA:65,1,1,2
BRDA:87,2,0,20
BRDA:87,2,1,1
BRDA:95,3,0,9
BRDA:95,3,1,12
BRDA:98,4,0,28
BRDA:98,4,1,6
BRDA:107,5,0,31
BRDA:110,6,0,36
BRDA:110,6,1,60
BRDA:113,7,0,124
BRDA:113,7,1,60
BRDA:114,8,0,124
BRDA:114,8,1,124
BRDA:123,9,0,0
BRDA:123,9,1,4
BRDA:130,10,0,1
BRDA:130,10,1,0
BRDA:140,11,0,3
BRDA:140,11,1,0
BRDA:140,12,0,3
BRDA:140,12,1,3
BRDA:143,13,0,2
BRDA:143,13,1,1
BRDA:146,14,0,0
BRDA:146,14,1,2
BRDA:148,15,0,1
BRDA:148,15,1,0
BRDA:154,16,0,0
BRDA:154,16,1,2
BRDA:163,17,0,1
BRDA:163,17,1,0
BRDA:163,18,0,1
BRDA:163,18,1,1
BRDA:172,19,0,22
BRDA:173,20,0,2
BRDA:173,20,1,22
BRDA:178,21,0,2
BRDA:178,21,1,52
BRDA:180,22,0,93
BRDA:180,22,1,29
BRDA:185,23,0,2
BRDA:185,23,1,91
BRDA:189,24,0,0
BRDA:189,24,1,91
BRDA:189,25,0,91
BRDA:189,25,1,91
BRDA:193,26,0,1
BRDA:193,26,1,90
BRDA:207,27,0,0
BRDA:207,27,1,20
BRDA:207,28,0,20
BRDA:207,28,1,18
BRDA:215,29,0,0
BRDA:215,29,1,1
BRDA:222,30,0,0
BRDA:222,30,1,0
BRDA:242,31,0,2
BRDA:242,31,1,0
BRDA:242,32,0,2
BRDA:242,32,1,2
BRDA:245,33,0,1
BRDA:245,33,1,1
BRDA:253,34,0,0
BRF:66
BRH:52
end_of_record
